<?xml version="1.0" encoding="UTF-8"?>
<testng-results ignored="0" total="1" passed="1" failed="0" skipped="0">
  <reporter-output>
  </reporter-output>
  <suite started-at="2023-03-02T13:22:58 PST" name="Default suite" finished-at="2023-03-02T13:22:58 PST" duration-ms="72">
    <groups>
    </groups>
    <test started-at="2023-03-02T13:22:58 PST" name="Default test" finished-at="2023-03-02T13:22:58 PST" duration-ms="72">
      <class name="TestPackage.PS1">
        <test-method is-config="true" signature="beforeRun()[pri:0, instance:TestPackage.PS1@24fcf36f]" started-at="2023-03-02T13:22:58 PST" name="beforeRun" finished-at="2023-03-02T13:22:58 PST" duration-ms="3" status="PASS">
          <reporter-output>
          </reporter-output>
        </test-method> <!-- beforeRun -->
        <test-method signature="testRun()[pri:0, instance:TestPackage.PS1@24fcf36f]" started-at="2023-03-02T13:22:58 PST" name="testRun" finished-at="2023-03-02T13:22:58 PST" duration-ms="7" status="PASS">
          <reporter-output>
          </reporter-output>
        </test-method> <!-- testRun -->
        <test-method is-config="true" signature="afterRun()[pri:0, instance:TestPackage.PS1@24fcf36f]" started-at="2023-03-02T13:22:58 PST" name="afterRun" finished-at="2023-03-02T13:22:58 PST" duration-ms="0" status="PASS">
          <reporter-output>
          </reporter-output>
        </test-method> <!-- afterRun -->
      </class> <!-- TestPackage.PS1 -->
    </test> <!-- Default test -->
  </suite> <!-- Default suite -->
</testng-results>
