<?xml version="1.0" encoding="UTF-8"?>
<!-- Generated by org.testng.reporters.JUnitXMLReporter -->
<testsuite ignored="1" hostname="MBadillo-EDP-100-327.local" failures="0" tests="6" name="Car Loan" time="0.065" errors="0" timestamp="2023-03-02T09:20:16 PST">
  <testcase classname="TestPackage.day3" name="MobilesignoutCarLoan" time="0.006"/>
  <testcase classname="TestPackage.day3" name="MobilesignoutCarLoan" time="0.005"/>
  <testcase classname="TestPackage.day3" name="MobilesignoutCarLoan" time="0.001"/>
  <testcase classname="TestPackage.day3" name="WeblogincarLoan" time="0.004"/>
  <testcase classname="TestPackage.day3" name="MobileLoginCarLoan" time="0.001"/>
  <testcase classname="TestPackage.day3" name="LoginAPIcarLoann" time="0.001"/>
  <testcase classname="TestPackage.day3" name="MobilesigninCarLoan" time="0.0">
    <ignored/>
  </testcase> <!-- MobilesigninCarLoan -->
</testsuite> <!-- Car Loan -->
