<?xml version="1.0" encoding="UTF-8"?>
<!-- Generated by org.testng.reporters.JUnitXMLReporter -->
<testsuite ignored="8" hostname="MBadillo-EDP-100-327.local" failures="0" tests="3" name="Regression" time="0.073" errors="0" timestamp="2023-01-25T15:52:57 PST">
  <testcase classname="TestPackage.day2" name="ploan" time="0.01"/>
  <testcase classname="TestPackage.day3" name="MobileLoginCarLoan" time="0.001"/>
  <testcase classname="TestPackage.day4" name="MobileLoginHomeLoan" time="0.002"/>
  <testcase classname="TestPackage.day1" name="SecondTest" time="0.0">
    <ignored/>
  </testcase> <!-- SecondTest -->
  <testcase classname="TestPackage.day3" name="MobilesigninCarLoan" time="0.0">
    <ignored/>
  </testcase> <!-- MobilesigninCarLoan -->
  <testcase classname="TestPackage.day3" name="LoginAPIcarLoann" time="0.0">
    <ignored/>
  </testcase> <!-- LoginAPIcarLoann -->
  <testcase classname="TestPackage.day1" name="Demo" time="0.0">
    <ignored/>
  </testcase> <!-- Demo -->
  <testcase classname="TestPackage.day4" name="WebloginHomeLoan" time="0.0">
    <ignored/>
  </testcase> <!-- WebloginHomeLoan -->
  <testcase classname="TestPackage.day4" name="LoginAPIHomeLoan" time="0.0">
    <ignored/>
  </testcase> <!-- LoginAPIHomeLoan -->
  <testcase classname="TestPackage.day3" name="WeblogincarLoan" time="0.0">
    <ignored/>
  </testcase> <!-- WeblogincarLoan -->
  <testcase classname="TestPackage.day3" name="MobilesignoutCarLoan" time="0.0">
    <ignored/>
  </testcase> <!-- MobilesignoutCarLoan -->
</testsuite> <!-- Regression -->
